<?xml version="1.0" encoding="UTF-8"?>
<testsuite xmlns:xsi="http://www.w3.org/2001/XMLSchema-instance" xsi:noNamespaceSchemaLocation="https://maven.apache.org/surefire/maven-surefire-plugin/xsd/surefire-test-report.xsd" name="com.mycompany.app.CalculatorTest" time="0.051" tests="9" errors="0" skipped="0" failures="0">
  <properties>
[...]
</properties>
  <testcase name="intDiv" classname="com.mycompany.app.CalculatorTest" time="0.028"/>
  <testcase name="intMul" classname="com.mycompany.app.CalculatorTest" time="0"/>
  <testcase name="intSub" classname="com.mycompany.app.CalculatorTest" time="0.001"/>
  <testcase name="intSum" classname="com.mycompany.app.CalculatorTest" time="0.001"/>
  <testcase name="doubleDiv" classname="com.mycompany.app.CalculatorTest" time="0"/>
  <testcase name="doubleMul" classname="com.mycompany.app.CalculatorTest" time="0.001"/>
  <testcase name="doubleSub" classname="com.mycompany.app.CalculatorTest" time="0"/>
  <testcase name="doubleSum" classname="com.mycompany.app.CalculatorTest" time="0.001"/>
  <testcase name="quadEquate" classname="com.mycompany.app.CalculatorTest" time="0.002"/>
</testsuite>